0 info it worked if it ends with ok
1 verbose cli [ 'node', '/usr/local/bin/npm', 'start' ]
2 info using npm@1.2.18
3 info using node@v0.10.6
4 verbose read json /Users/leostera/Repositories/clevertech/cleverstack/angular-seed/package.json
5 verbose run-script [ 'prestart', 'start', 'poststart' ]
6 info prestart @0.0.1
7 info start @0.0.1
8 verbose unsafe-perm in lifecycle true
9 silly exec sh "-c" "grunt server"
10 silly sh,-c,grunt server,/Users/leostera/Repositories/clevertech/cleverstack/angular-seed spawning
11 info @0.0.1 Failed to exec start script
12 error @0.0.1 start: `grunt server`
12 error `sh "-c" "grunt server"` failed with 6
13 error Failed at the @0.0.1 start script.
13 error This is most likely a problem with the  package,
13 error not with npm itself.
13 error Tell the author that this fails on your system:
13 error     grunt server
13 error You can get their info via:
13 error     npm owner ls
13 error There is likely additional logging output above.
14 error System Darwin 12.4.0
15 error command "node" "/usr/local/bin/npm" "start"
16 error cwd /Users/leostera/Repositories/clevertech/cleverstack/angular-seed
17 error node -v v0.10.6
18 error npm -v 1.2.18
19 error code ELIFECYCLE
20 verbose exit [ 1, true ]
